/usr/local/lib/python3.11/site-packages/whisper/timing.py:57: NumbaDeprecationWarning: [1mThe 'nopython' keyword argument was not supplied to the 'numba.jit' decorator. The implicit default value for this argument is currently False, but it will be changed to True in Numba 0.59.0. See https://numba.readthedocs.io/en/stable/reference/deprecation.html#deprecation-of-object-mode-fall-back-behaviour-when-using-jit for details.[0m
  @numba.jit
/usr/local/lib/python3.11/site-packages/whisper/transcribe.py:114: UserWarning: FP16 is not supported on CPU; using FP32 instead
  warnings.warn("FP16 is not supported on CPU; using FP32 instead")
[00:00.000 --> 00:05.000]  .
[00:05.000 --> 00:10.000]  .
[00:10.000 --> 00:15.000]  .
[00:15.000 --> 00:20.000]  .
[00:20.000 --> 00:25.000]  .
[00:26.000 --> 00:31.000]  .
[00:31.000 --> 00:38.000]  .
[00:38.000 --> 00:43.000]  .
[00:43.000 --> 00:50.000]  .
[00:50.000 --> 00:55.000]  .
[00:55.000 --> 01:00.000]  .
[01:00.000 --> 01:05.000]  .
[01:05.000 --> 01:10.000]  .
[01:10.000 --> 01:15.000]  .
[01:15.000 --> 01:20.000]  .
[01:20.000 --> 01:25.000]  .
[01:25.000 --> 01:30.000]  .
[01:30.000 --> 01:35.000]  .
[01:35.000 --> 01:40.000]  .
[01:40.000 --> 01:45.000]  .
[01:45.000 --> 01:50.000]  .
[01:50.000 --> 01:55.000]  .
[01:55.000 --> 02:00.000]  .
[02:00.000 --> 02:05.000]  .
[02:05.000 --> 02:10.000]  .
[02:10.000 --> 02:15.000]  .
[02:15.000 --> 02:20.000]  .
[02:20.000 --> 02:25.000]  .
[02:25.000 --> 02:30.000]  .
[02:30.000 --> 02:35.000]  .
[02:35.000 --> 02:40.000]  .
[02:40.000 --> 02:45.000]  .
[02:45.000 --> 02:50.000]  .
[02:50.000 --> 02:55.000]  .
